[debug] [2024-02-21T01:01:12.313Z] ----------------------------------------------------------------------
[debug] [2024-02-21T01:01:12.315Z] Command:       C:\Program Files\nodejs\node.exe C:\Users\yatef\AppData\Roaming\npm\node_modules\firebase-tools\lib\bin\firebase.js emulators:start --only functions
[debug] [2024-02-21T01:01:12.316Z] CLI Version:   13.2.1
[debug] [2024-02-21T01:01:12.316Z] Platform:      win32
[debug] [2024-02-21T01:01:12.316Z] Node Version:  v20.10.0
[debug] [2024-02-21T01:01:12.316Z] Time:          Tue Feb 20 2024 20:01:12 GMT-0500 (Eastern Standard Time)
[debug] [2024-02-21T01:01:12.316Z] ----------------------------------------------------------------------
[debug] 
[debug] [2024-02-21T01:01:12.446Z] > command requires scopes: ["email","openid","https://www.googleapis.com/auth/cloudplatformprojects.readonly","https://www.googleapis.com/auth/firebase","https://www.googleapis.com/auth/cloud-platform"]
[debug] [2024-02-21T01:01:12.447Z] > authorizing via signed-in user (yateferi@gmail.com)
[info] i  emulators: Starting emulators: functions {"metadata":{"emulator":{"name":"hub"},"message":"Starting emulators: functions"}}
[debug] [2024-02-21T01:01:12.456Z] [logging] Logging Emulator only supports listening on one address (127.0.0.1). Not listening on ::1
[debug] [2024-02-21T01:01:12.456Z] assigned listening specs for emulators {"user":{"hub":[{"address":"127.0.0.1","family":"IPv4","port":4400},{"address":"::1","family":"IPv6","port":4400}],"ui":[{"address":"127.0.0.1","family":"IPv4","port":4000},{"address":"::1","family":"IPv6","port":4000}],"logging":[{"address":"127.0.0.1","family":"IPv4","port":4500}]},"metadata":{"message":"assigned listening specs for emulators"}}
[warn] !  emulators: It seems that you are running multiple instances of the emulator suite for project clone-28f6e. This may result in unexpected behavior. 
[debug] [2024-02-21T01:01:12.467Z] [hub] writing locator at C:\Users\yatef\AppData\Local\Temp\hub-clone-28f6e.json
[debug] [2024-02-21T01:01:12.490Z] [functions] Functions Emulator only supports listening on one address (127.0.0.1). Not listening on ::1
[debug] [2024-02-21T01:01:12.491Z] [eventarc] Eventarc Emulator only supports listening on one address (127.0.0.1). Not listening on ::1
[debug] [2024-02-21T01:01:12.491Z] late-assigned ports for functions and eventarc emulators {"user":{"hub":[{"address":"127.0.0.1","family":"IPv4","port":4400},{"address":"::1","family":"IPv6","port":4400}],"ui":[{"address":"127.0.0.1","family":"IPv4","port":4000},{"address":"::1","family":"IPv6","port":4000}],"logging":[{"address":"127.0.0.1","family":"IPv4","port":4500}],"functions":[{"address":"127.0.0.1","family":"IPv4","port":5001}],"eventarc":[{"address":"127.0.0.1","family":"IPv4","port":9299}]},"metadata":{"message":"late-assigned ports for functions and eventarc emulators"}}
[warn] !  functions: The following emulators are not running, calls to these services from the Functions emulator will affect production: auth, firestore, database, hosting, pubsub, storage {"metadata":{"emulator":{"name":"functions"},"message":"The following emulators are not running, calls to these services from the Functions emulator will affect production: \u001b[1mauth, firestore, database, hosting, pubsub, storage\u001b[22m"}}
[debug] [2024-02-21T01:01:12.495Z] defaultcredentials: writing to file C:\Users\yatef\AppData\Roaming\firebase\yateferi_gmail_com_application_default_credentials.json
[debug] [2024-02-21T01:01:12.502Z] Setting GAC to C:\Users\yatef\AppData\Roaming\firebase\yateferi_gmail_com_application_default_credentials.json {"metadata":{"emulator":{"name":"functions"},"message":"Setting GAC to C:\\Users\\yatef\\AppData\\Roaming\\firebase\\yateferi_gmail_com_application_default_credentials.json"}}
[debug] [2024-02-21T01:01:12.503Z] > refreshing access token with scopes: []
[debug] [2024-02-21T01:01:12.505Z] >>> [apiv2][query] POST https://www.googleapis.com/oauth2/v3/token [none]
[debug] [2024-02-21T01:01:12.505Z] >>> [apiv2][body] POST https://www.googleapis.com/oauth2/v3/token [omitted]
[debug] [2024-02-21T01:01:12.615Z] <<< [apiv2][status] POST https://www.googleapis.com/oauth2/v3/token 200
[debug] [2024-02-21T01:01:12.615Z] <<< [apiv2][body] POST https://www.googleapis.com/oauth2/v3/token [omitted]
[debug] [2024-02-21T01:01:12.636Z] >>> [apiv2][query] GET https://firebase.googleapis.com/v1beta1/projects/clone-28f6e/adminSdkConfig [none]
[debug] [2024-02-21T01:01:12.994Z] <<< [apiv2][status] GET https://firebase.googleapis.com/v1beta1/projects/clone-28f6e/adminSdkConfig 200
[debug] [2024-02-21T01:01:12.995Z] <<< [apiv2][body] GET https://firebase.googleapis.com/v1beta1/projects/clone-28f6e/adminSdkConfig {"projectId":"clone-28f6e","storageBucket":"clone-28f6e.appspot.com"}
[debug] [2024-02-21T01:01:13.033Z] Ignoring unsupported arg: auto_download {"metadata":{"emulator":{"name":"ui"},"message":"Ignoring unsupported arg: auto_download"}}
[debug] [2024-02-21T01:01:13.033Z] Ignoring unsupported arg: port {"metadata":{"emulator":{"name":"ui"},"message":"Ignoring unsupported arg: port"}}
[debug] [2024-02-21T01:01:13.033Z] Starting Emulator UI with command {"binary":"node","args":["C:\\Users\\yatef\\.cache\\firebase\\emulators\\ui-v1.11.7\\server\\server.js"],"optionalArgs":[],"joinArgs":false} {"metadata":{"emulator":{"name":"ui"},"message":"Starting Emulator UI with command {\"binary\":\"node\",\"args\":[\"C:\\\\Users\\\\yatef\\\\.cache\\\\firebase\\\\emulators\\\\ui-v1.11.7\\\\server\\\\server.js\"],\"optionalArgs\":[],\"joinArgs\":false}"}}
[info] i  ui: Emulator UI logging to ui-debug.log {"metadata":{"emulator":{"name":"ui"},"message":"Emulator UI logging to \u001b[1mui-debug.log\u001b[22m"}}
[debug] [2024-02-21T01:01:13.155Z] Web / API server started at 127.0.0.1:4000
 {"metadata":{"emulator":{"name":"ui"},"message":"Web / API server started at 127.0.0.1:4000\n"}}
[debug] [2024-02-21T01:01:13.155Z] Web / API server started at ::1:4000
 {"metadata":{"emulator":{"name":"ui"},"message":"Web / API server started at ::1:4000\n"}}
[info] i  functions: Watching "C:\Users\yatef\OneDrive\desktop\Evangadi\Phase-4 projects\Amazonclone2024\Amazon-Clone-frontend2024\functions" for Cloud Functions... {"metadata":{"emulator":{"name":"functions"},"message":"Watching \"C:\\Users\\yatef\\OneDrive\\desktop\\Evangadi\\Phase-4 projects\\Amazonclone2024\\Amazon-Clone-frontend2024\\functions\" for Cloud Functions..."}}
[debug] [2024-02-21T01:01:13.312Z] Validating nodejs source
[debug] [2024-02-21T01:01:14.658Z] > [functions] package.json contents: {
  "name": "functions",
  "description": "Cloud Functions for Firebase",
  "scripts": {
    "serve": "firebase emulators:start --only functions",
    "shell": "firebase functions:shell",
    "start": "npm run shell",
    "deploy": "firebase deploy --only functions",
    "logs": "firebase functions:log"
  },
  "engines": {
    "node": "18"
  },
  "main": "index.js",
  "dependencies": {
    "cors": "^2.8.5",
    "dotenv": "^16.4.4",
    "express": "^4.18.2",
    "firebase-admin": "^11.8.0",
    "firebase-functions": "^4.3.1",
    "stripe": "^14.16.0"
  },
  "devDependencies": {
    "firebase-functions-test": "^3.1.0"
  },
  "private": true
}
[debug] [2024-02-21T01:01:14.658Z] Building nodejs source
[debug] [2024-02-21T01:01:14.659Z] Failed to find version of module node: reached end of search path C:\Users\yatef\OneDrive\desktop\Evangadi\Phase-4 projects\Amazonclone2024\Amazon-Clone-frontend2024\functions\node_modules
[warn] !  functions: Your requested "node" version "18" doesn't match your global version "20". Using node@20 from host. 
[info] i  functions: Loaded environment variables from .env. 
[debug] [2024-02-21T01:01:14.662Z] Could not find functions.yaml. Must use http discovery
[debug] [2024-02-21T01:01:14.670Z] Found firebase-functions binary at 'C:\Users\yatef\OneDrive\desktop\Evangadi\Phase-4 projects\Amazonclone2024\Amazon-Clone-frontend2024\functions\node_modules\.bin\firebase-functions'
[info] Serving at port 8617

[debug] [2024-02-21T01:01:15.292Z] Got response from /__/functions.yaml {"endpoints":{"api":{"availableMemoryMb":null,"timeoutSeconds":null,"minInstances":null,"maxInstances":null,"ingressSettings":null,"concurrency":null,"serviceAccountEmail":null,"vpc":null,"platform":"gcfv2","labels":{},"httpsTrigger":{},"entryPoint":"api"}},"specVersion":"v1alpha1","requiredAPIs":[]}
[info] +  functions: Loaded functions definitions from source: api. {"metadata":{"emulator":{"name":"functions"},"message":"Loaded functions definitions from source: api."}}
[info] +  functions[us-central1-api]: http function initialized (http://127.0.0.1:5001/clone-28f6e/us-central1/api). {"metadata":{"emulator":{"name":"functions"},"message":"\u001b[1mhttp\u001b[22m function initialized (http://127.0.0.1:5001/clone-28f6e/us-central1/api)."}}
[info] 
┌─────────────────────────────────────────────────────────────┐
│ ✔  All emulators ready! It is now safe to connect your app. │
│ i  View Emulator UI at http://127.0.0.1:4000/               │
└─────────────────────────────────────────────────────────────┘

┌───────────┬────────────────┬─────────────────────────────────┐
│ Emulator  │ Host:Port      │ View in Emulator UI             │
├───────────┼────────────────┼─────────────────────────────────┤
│ Functions │ 127.0.0.1:5001 │ http://127.0.0.1:4000/functions │
└───────────┴────────────────┴─────────────────────────────────┘
  Emulator Hub running at 127.0.0.1:4400
  Other reserved ports: 4500

Issues? Report them at https://github.com/firebase/firebase-tools/issues and attach the *-debug.log files.
 
[debug] [2024-02-21T01:06:05.095Z] [work-queue] {"queuedWork":["/clone-28f6e/us-central1/api-2024-02-21T01:06:05.094Z"],"queueLength":1,"runningWork":[],"workRunningCount":0}
[debug] [2024-02-21T01:06:05.095Z] [work-queue] {"queuedWork":[],"queueLength":0,"runningWork":["/clone-28f6e/us-central1/api-2024-02-21T01:06:05.094Z"],"workRunningCount":1}
[debug] [2024-02-21T01:06:05.097Z] Accepted request GET /clone-28f6e/us-central1/api --> us-central1-api
[debug] [2024-02-21T01:06:05.105Z] [functions] Runtime ready! Sending request! {"metadata":{"emulator":{"name":"functions"},"message":"[functions] Runtime ready! Sending request!"}}
[debug] [2024-02-21T01:06:05.107Z] [functions] Got req.url=/clone-28f6e/us-central1/api, mapping to path=/ {"metadata":{"emulator":{"name":"functions"},"message":"[functions] Got req.url=/clone-28f6e/us-central1/api, mapping to path=/"}}
[info] i  functions: Loaded environment variables from .env. 
[debug] [2024-02-21T01:06:05.128Z] [worker-pool] addWorker(us-central1-api) {"metadata":{"emulator":{"name":"functions"},"message":"[worker-pool] addWorker(us-central1-api)"}}
[debug] [2024-02-21T01:06:05.131Z] [worker-pool] Adding worker with key us-central1-api, total=1 {"metadata":{"emulator":{"name":"functions"},"message":"[worker-pool] Adding worker with key us-central1-api, total=1"}}
[debug] [2024-02-21T01:06:06.586Z] [runtime-status] [25008] Resolved module firebase-admin {"declared":true,"installed":true,"version":"11.11.1","resolution":"C:\\Users\\yatef\\OneDrive\\desktop\\Evangadi\\Phase-4 projects\\Amazonclone2024\\Amazon-Clone-frontend2024\\functions\\node_modules\\firebase-admin\\lib\\index.js"} {"metadata":{"emulator":{"name":"functions"},"function":{"name":"us-central1-api"},"extension":{},"message":"[runtime-status] [25008] Resolved module firebase-admin {\"declared\":true,\"installed\":true,\"version\":\"11.11.1\",\"resolution\":\"C:\\\\Users\\\\yatef\\\\OneDrive\\\\desktop\\\\Evangadi\\\\Phase-4 projects\\\\Amazonclone2024\\\\Amazon-Clone-frontend2024\\\\functions\\\\node_modules\\\\firebase-admin\\\\lib\\\\index.js\"}"}}
[debug] [2024-02-21T01:06:06.587Z] [runtime-status] [25008] Resolved module firebase-functions {"declared":true,"installed":true,"version":"4.7.0","resolution":"C:\\Users\\yatef\\OneDrive\\desktop\\Evangadi\\Phase-4 projects\\Amazonclone2024\\Amazon-Clone-frontend2024\\functions\\node_modules\\firebase-functions\\lib\\v1\\index.js"} {"metadata":{"emulator":{"name":"functions"},"function":{"name":"us-central1-api"},"extension":{},"message":"[runtime-status] [25008] Resolved module firebase-functions {\"declared\":true,\"installed\":true,\"version\":\"4.7.0\",\"resolution\":\"C:\\\\Users\\\\yatef\\\\OneDrive\\\\desktop\\\\Evangadi\\\\Phase-4 projects\\\\Amazonclone2024\\\\Amazon-Clone-frontend2024\\\\functions\\\\node_modules\\\\firebase-functions\\\\lib\\\\v1\\\\index.js\"}"}}
[debug] [2024-02-21T01:06:06.587Z] [runtime-status] [25008] Outgoing network have been stubbed. [{"name":"http","status":"mocked"},{"name":"http","status":"mocked"},{"name":"https","status":"mocked"},{"name":"https","status":"mocked"},{"name":"net","status":"mocked"}] {"metadata":{"emulator":{"name":"functions"},"function":{"name":"us-central1-api"},"extension":{},"message":"[runtime-status] [25008] Outgoing network have been stubbed. [{\"name\":\"http\",\"status\":\"mocked\"},{\"name\":\"http\",\"status\":\"mocked\"},{\"name\":\"https\",\"status\":\"mocked\"},{\"name\":\"https\",\"status\":\"mocked\"},{\"name\":\"net\",\"status\":\"mocked\"}]"}}
[debug] [2024-02-21T01:06:06.588Z] [runtime-status] [25008] Resolved module firebase-functions {"declared":true,"installed":true,"version":"4.7.0","resolution":"C:\\Users\\yatef\\OneDrive\\desktop\\Evangadi\\Phase-4 projects\\Amazonclone2024\\Amazon-Clone-frontend2024\\functions\\node_modules\\firebase-functions\\lib\\v1\\index.js"} {"metadata":{"emulator":{"name":"functions"},"function":{"name":"us-central1-api"},"extension":{},"message":"[runtime-status] [25008] Resolved module firebase-functions {\"declared\":true,\"installed\":true,\"version\":\"4.7.0\",\"resolution\":\"C:\\\\Users\\\\yatef\\\\OneDrive\\\\desktop\\\\Evangadi\\\\Phase-4 projects\\\\Amazonclone2024\\\\Amazon-Clone-frontend2024\\\\functions\\\\node_modules\\\\firebase-functions\\\\lib\\\\v1\\\\index.js\"}"}}
[debug] [2024-02-21T01:06:07.029Z] [runtime-status] [25008] Checked functions.config() {"config":{}} {"metadata":{"emulator":{"name":"functions"},"function":{"name":"us-central1-api"},"extension":{},"message":"[runtime-status] [25008] Checked functions.config() {\"config\":{}}"}}
[debug] [2024-02-21T01:06:07.030Z] [runtime-status] [25008] firebase-functions has been stubbed. {"functionsResolution":{"declared":true,"installed":true,"version":"4.7.0","resolution":"C:\\Users\\yatef\\OneDrive\\desktop\\Evangadi\\Phase-4 projects\\Amazonclone2024\\Amazon-Clone-frontend2024\\functions\\node_modules\\firebase-functions\\lib\\v1\\index.js"}} {"metadata":{"emulator":{"name":"functions"},"function":{"name":"us-central1-api"},"extension":{},"message":"[runtime-status] [25008] firebase-functions has been stubbed. {\"functionsResolution\":{\"declared\":true,\"installed\":true,\"version\":\"4.7.0\",\"resolution\":\"C:\\\\Users\\\\yatef\\\\OneDrive\\\\desktop\\\\Evangadi\\\\Phase-4 projects\\\\Amazonclone2024\\\\Amazon-Clone-frontend2024\\\\functions\\\\node_modules\\\\firebase-functions\\\\lib\\\\v1\\\\index.js\"}}"}}
[debug] [2024-02-21T01:06:07.031Z] [runtime-status] [25008] Resolved module firebase-functions {"declared":true,"installed":true,"version":"4.7.0","resolution":"C:\\Users\\yatef\\OneDrive\\desktop\\Evangadi\\Phase-4 projects\\Amazonclone2024\\Amazon-Clone-frontend2024\\functions\\node_modules\\firebase-functions\\lib\\v1\\index.js"} {"metadata":{"emulator":{"name":"functions"},"function":{"name":"us-central1-api"},"extension":{},"message":"[runtime-status] [25008] Resolved module firebase-functions {\"declared\":true,\"installed\":true,\"version\":\"4.7.0\",\"resolution\":\"C:\\\\Users\\\\yatef\\\\OneDrive\\\\desktop\\\\Evangadi\\\\Phase-4 projects\\\\Amazonclone2024\\\\Amazon-Clone-frontend2024\\\\functions\\\\node_modules\\\\firebase-functions\\\\lib\\\\v1\\\\index.js\"}"}}
[debug] [2024-02-21T01:06:07.033Z] [runtime-status] [25008] Resolved module firebase-admin {"declared":true,"installed":true,"version":"11.11.1","resolution":"C:\\Users\\yatef\\OneDrive\\desktop\\Evangadi\\Phase-4 projects\\Amazonclone2024\\Amazon-Clone-frontend2024\\functions\\node_modules\\firebase-admin\\lib\\index.js"} {"metadata":{"emulator":{"name":"functions"},"function":{"name":"us-central1-api"},"extension":{},"message":"[runtime-status] [25008] Resolved module firebase-admin {\"declared\":true,\"installed\":true,\"version\":\"11.11.1\",\"resolution\":\"C:\\\\Users\\\\yatef\\\\OneDrive\\\\desktop\\\\Evangadi\\\\Phase-4 projects\\\\Amazonclone2024\\\\Amazon-Clone-frontend2024\\\\functions\\\\node_modules\\\\firebase-admin\\\\lib\\\\index.js\"}"}}
[debug] [2024-02-21T01:06:07.038Z] [runtime-status] [25008] Resolved module firebase-functions {"declared":true,"installed":true,"version":"4.7.0","resolution":"C:\\Users\\yatef\\OneDrive\\desktop\\Evangadi\\Phase-4 projects\\Amazonclone2024\\Amazon-Clone-frontend2024\\functions\\node_modules\\firebase-functions\\lib\\v1\\index.js"} {"metadata":{"emulator":{"name":"functions"},"function":{"name":"us-central1-api"},"extension":{},"message":"[runtime-status] [25008] Resolved module firebase-functions {\"declared\":true,\"installed\":true,\"version\":\"4.7.0\",\"resolution\":\"C:\\\\Users\\\\yatef\\\\OneDrive\\\\desktop\\\\Evangadi\\\\Phase-4 projects\\\\Amazonclone2024\\\\Amazon-Clone-frontend2024\\\\functions\\\\node_modules\\\\firebase-functions\\\\lib\\\\v1\\\\index.js\"}"}}
[debug] [2024-02-21T01:06:07.039Z] [runtime-status] [25008] firebase-admin has been stubbed. {"adminResolution":{"declared":true,"installed":true,"version":"11.11.1","resolution":"C:\\Users\\yatef\\OneDrive\\desktop\\Evangadi\\Phase-4 projects\\Amazonclone2024\\Amazon-Clone-frontend2024\\functions\\node_modules\\firebase-admin\\lib\\index.js"}} {"metadata":{"emulator":{"name":"functions"},"function":{"name":"us-central1-api"},"extension":{},"message":"[runtime-status] [25008] firebase-admin has been stubbed. {\"adminResolution\":{\"declared\":true,\"installed\":true,\"version\":\"11.11.1\",\"resolution\":\"C:\\\\Users\\\\yatef\\\\OneDrive\\\\desktop\\\\Evangadi\\\\Phase-4 projects\\\\Amazonclone2024\\\\Amazon-Clone-frontend2024\\\\functions\\\\node_modules\\\\firebase-admin\\\\lib\\\\index.js\"}}"}}
[debug] [2024-02-21T01:06:07.333Z] [runtime-status] [25008] Functions runtime initialized. {"cwd":"C:\\Users\\yatef\\OneDrive\\desktop\\Evangadi\\Phase-4 projects\\Amazonclone2024\\Amazon-Clone-frontend2024\\functions","node_version":"20.10.0"} {"metadata":{"emulator":{"name":"functions"},"function":{"name":"us-central1-api"},"extension":{},"message":"[runtime-status] [25008] Functions runtime initialized. {\"cwd\":\"C:\\\\Users\\\\yatef\\\\OneDrive\\\\desktop\\\\Evangadi\\\\Phase-4 projects\\\\Amazonclone2024\\\\Amazon-Clone-frontend2024\\\\functions\",\"node_version\":\"20.10.0\"}"}}
[debug] [2024-02-21T01:06:07.334Z] [runtime-status] [25008] Listening to port: \\?\pipe\fire_emu_2e42b6cd532429d6 {"metadata":{"emulator":{"name":"functions"},"function":{"name":"us-central1-api"},"extension":{},"message":"[runtime-status] [25008] Listening to port: \\\\?\\pipe\\fire_emu_2e42b6cd532429d6"}}
[debug] [2024-02-21T01:06:07.440Z] [worker-us-central1-api-9a5e437d-5902-4c1b-9ad5-16fd4cdc423c]: IDLE {"metadata":{"emulator":{"name":"functions"},"function":{"name":"us-central1-api"},"extension":{},"message":"[worker-us-central1-api-9a5e437d-5902-4c1b-9ad5-16fd4cdc423c]: IDLE"}}
[debug] [2024-02-21T01:06:07.441Z] [worker-pool] submitRequest(triggerId=us-central1-api) {"metadata":{"emulator":{"name":"functions"},"message":"[worker-pool] submitRequest(triggerId=us-central1-api)"}}
[info] i  functions: Beginning execution of "us-central1-api" {"metadata":{"emulator":{"name":"functions"},"function":{"name":"us-central1-api"},"extension":{},"message":"Beginning execution of \"us-central1-api\""}}
[debug] [2024-02-21T01:06:07.450Z] [worker-us-central1-api-9a5e437d-5902-4c1b-9ad5-16fd4cdc423c]: BUSY {"metadata":{"emulator":{"name":"functions"},"function":{"name":"us-central1-api"},"extension":{},"message":"[worker-us-central1-api-9a5e437d-5902-4c1b-9ad5-16fd4cdc423c]: BUSY"}}
[debug] [2024-02-21T01:06:07.462Z] Finishing up request with event=pause {"metadata":{"emulator":{"name":"functions"},"function":{"name":"us-central1-api"},"extension":{},"message":"Finishing up request with event=pause"}}
[info] i  functions: Finished "us-central1-api" in 12.0135ms {"metadata":{"emulator":{"name":"functions"},"function":{"name":"us-central1-api"},"extension":{},"message":"Finished \"us-central1-api\" in 12.0135ms"}}
[debug] [2024-02-21T01:06:07.469Z] [worker-us-central1-api-9a5e437d-5902-4c1b-9ad5-16fd4cdc423c]: IDLE {"metadata":{"emulator":{"name":"functions"},"function":{"name":"us-central1-api"},"extension":{},"message":"[worker-us-central1-api-9a5e437d-5902-4c1b-9ad5-16fd4cdc423c]: IDLE"}}
[debug] [2024-02-21T01:06:07.470Z] Finishing up request with event=finish {"metadata":{"emulator":{"name":"functions"},"function":{"name":"us-central1-api"},"extension":{},"message":"Finishing up request with event=finish"}}
[debug] [2024-02-21T01:06:07.470Z] Finishing up request with event=close {"metadata":{"emulator":{"name":"functions"},"function":{"name":"us-central1-api"},"extension":{},"message":"Finishing up request with event=close"}}
[debug] [2024-02-21T01:06:07.470Z] [work-queue] {"queuedWork":[],"queueLength":0,"runningWork":[],"workRunningCount":0}
[debug] [2024-02-21T01:06:07.560Z] Functions emulator received unknown request at path /favicon.ico
[debug] [2024-02-21T01:06:28.461Z] [work-queue] {"queuedWork":["/clone-28f6e/us-central1/api-2024-02-21T01:06:28.461Z"],"queueLength":1,"runningWork":[],"workRunningCount":0}
[debug] [2024-02-21T01:06:28.461Z] [work-queue] {"queuedWork":[],"queueLength":0,"runningWork":["/clone-28f6e/us-central1/api-2024-02-21T01:06:28.461Z"],"workRunningCount":1}
[debug] [2024-02-21T01:06:28.461Z] Accepted request GET /clone-28f6e/us-central1/api --> us-central1-api
[debug] [2024-02-21T01:06:28.464Z] [functions] Runtime ready! Sending request! {"metadata":{"emulator":{"name":"functions"},"message":"[functions] Runtime ready! Sending request!"}}
[debug] [2024-02-21T01:06:28.464Z] [functions] Got req.url=/clone-28f6e/us-central1/api, mapping to path=/ {"metadata":{"emulator":{"name":"functions"},"message":"[functions] Got req.url=/clone-28f6e/us-central1/api, mapping to path=/"}}
[debug] [2024-02-21T01:06:28.464Z] [worker-pool] submitRequest(triggerId=us-central1-api) {"metadata":{"emulator":{"name":"functions"},"message":"[worker-pool] submitRequest(triggerId=us-central1-api)"}}
[info] i  functions: Beginning execution of "us-central1-api" {"metadata":{"emulator":{"name":"functions"},"function":{"name":"us-central1-api"},"extension":{},"message":"Beginning execution of \"us-central1-api\""}}
[debug] [2024-02-21T01:06:28.465Z] [worker-us-central1-api-9a5e437d-5902-4c1b-9ad5-16fd4cdc423c]: BUSY {"metadata":{"emulator":{"name":"functions"},"function":{"name":"us-central1-api"},"extension":{},"message":"[worker-us-central1-api-9a5e437d-5902-4c1b-9ad5-16fd4cdc423c]: BUSY"}}
[debug] [2024-02-21T01:06:28.469Z] Finishing up request with event=pause {"metadata":{"emulator":{"name":"functions"},"function":{"name":"us-central1-api"},"extension":{},"message":"Finishing up request with event=pause"}}
[info] i  functions: Finished "us-central1-api" in 3.8325ms {"metadata":{"emulator":{"name":"functions"},"function":{"name":"us-central1-api"},"extension":{},"message":"Finished \"us-central1-api\" in 3.8325ms"}}
[debug] [2024-02-21T01:06:28.469Z] [worker-us-central1-api-9a5e437d-5902-4c1b-9ad5-16fd4cdc423c]: IDLE {"metadata":{"emulator":{"name":"functions"},"function":{"name":"us-central1-api"},"extension":{},"message":"[worker-us-central1-api-9a5e437d-5902-4c1b-9ad5-16fd4cdc423c]: IDLE"}}
[debug] [2024-02-21T01:06:28.469Z] Finishing up request with event=finish {"metadata":{"emulator":{"name":"functions"},"function":{"name":"us-central1-api"},"extension":{},"message":"Finishing up request with event=finish"}}
[debug] [2024-02-21T01:06:28.469Z] Finishing up request with event=close {"metadata":{"emulator":{"name":"functions"},"function":{"name":"us-central1-api"},"extension":{},"message":"Finishing up request with event=close"}}
[debug] [2024-02-21T01:06:28.469Z] [work-queue] {"queuedWork":[],"queueLength":0,"runningWork":[],"workRunningCount":0}
[debug] [2024-02-21T01:08:17.505Z] [work-queue] {"queuedWork":["/clone-28f6e/us-central1/api/payment/create-2024-02-21T01:08:17.505Z"],"queueLength":1,"runningWork":[],"workRunningCount":0}
[debug] [2024-02-21T01:08:17.505Z] [work-queue] {"queuedWork":[],"queueLength":0,"runningWork":["/clone-28f6e/us-central1/api/payment/create-2024-02-21T01:08:17.505Z"],"workRunningCount":1}
[debug] [2024-02-21T01:08:17.505Z] Accepted request POST /clone-28f6e/us-central1/api/payment/create?total=500 --> us-central1-api
[debug] [2024-02-21T01:08:17.508Z] [functions] Runtime ready! Sending request! {"metadata":{"emulator":{"name":"functions"},"message":"[functions] Runtime ready! Sending request!"}}
[debug] [2024-02-21T01:08:17.508Z] [functions] Got req.url=/clone-28f6e/us-central1/api/payment/create?total=500, mapping to path=/payment/create?total=500 {"metadata":{"emulator":{"name":"functions"},"message":"[functions] Got req.url=/clone-28f6e/us-central1/api/payment/create?total=500, mapping to path=/payment/create?total=500"}}
[debug] [2024-02-21T01:08:17.508Z] [worker-pool] submitRequest(triggerId=us-central1-api) {"metadata":{"emulator":{"name":"functions"},"message":"[worker-pool] submitRequest(triggerId=us-central1-api)"}}
[info] i  functions: Beginning execution of "us-central1-api" {"metadata":{"emulator":{"name":"functions"},"function":{"name":"us-central1-api"},"extension":{},"message":"Beginning execution of \"us-central1-api\""}}
[debug] [2024-02-21T01:08:17.509Z] [worker-us-central1-api-9a5e437d-5902-4c1b-9ad5-16fd4cdc423c]: BUSY {"metadata":{"emulator":{"name":"functions"},"function":{"name":"us-central1-api"},"extension":{},"message":"[worker-us-central1-api-9a5e437d-5902-4c1b-9ad5-16fd4cdc423c]: BUSY"}}
[debug] [2024-02-21T01:08:17.935Z] Finishing up request with event=pause {"metadata":{"emulator":{"name":"functions"},"function":{"name":"us-central1-api"},"extension":{},"message":"Finishing up request with event=pause"}}
[info] i  functions: Finished "us-central1-api" in 425.7358ms {"metadata":{"emulator":{"name":"functions"},"function":{"name":"us-central1-api"},"extension":{},"message":"Finished \"us-central1-api\" in 425.7358ms"}}
[debug] [2024-02-21T01:08:17.937Z] [worker-us-central1-api-9a5e437d-5902-4c1b-9ad5-16fd4cdc423c]: IDLE {"metadata":{"emulator":{"name":"functions"},"function":{"name":"us-central1-api"},"extension":{},"message":"[worker-us-central1-api-9a5e437d-5902-4c1b-9ad5-16fd4cdc423c]: IDLE"}}
[debug] [2024-02-21T01:08:17.937Z] Finishing up request with event=finish {"metadata":{"emulator":{"name":"functions"},"function":{"name":"us-central1-api"},"extension":{},"message":"Finishing up request with event=finish"}}
[debug] [2024-02-21T01:08:17.937Z] Finishing up request with event=close {"metadata":{"emulator":{"name":"functions"},"function":{"name":"us-central1-api"},"extension":{},"message":"Finishing up request with event=close"}}
[debug] [2024-02-21T01:08:17.937Z] [work-queue] {"queuedWork":[],"queueLength":0,"runningWork":[],"workRunningCount":0}
[debug] [2024-02-21T03:07:26.520Z] [work-queue] {"queuedWork":["/clone-28f6e/us-central1/api/payment/create-2024-02-21T03:07:26.519Z"],"queueLength":1,"runningWork":[],"workRunningCount":0}
[debug] [2024-02-21T03:07:26.527Z] [work-queue] {"queuedWork":[],"queueLength":0,"runningWork":["/clone-28f6e/us-central1/api/payment/create-2024-02-21T03:07:26.519Z"],"workRunningCount":1}
[debug] [2024-02-21T03:07:26.528Z] Accepted request OPTIONS /clone-28f6e/us-central1/api/payment/create?total=2198 --> us-central1-api
[debug] [2024-02-21T03:07:26.547Z] [functions] Runtime ready! Sending request! {"metadata":{"emulator":{"name":"functions"},"message":"[functions] Runtime ready! Sending request!"}}
[debug] [2024-02-21T03:07:26.549Z] [functions] Got req.url=/clone-28f6e/us-central1/api/payment/create?total=2198, mapping to path=/payment/create?total=2198 {"metadata":{"emulator":{"name":"functions"},"message":"[functions] Got req.url=/clone-28f6e/us-central1/api/payment/create?total=2198, mapping to path=/payment/create?total=2198"}}
[debug] [2024-02-21T03:07:26.549Z] [worker-pool] submitRequest(triggerId=us-central1-api) {"metadata":{"emulator":{"name":"functions"},"message":"[worker-pool] submitRequest(triggerId=us-central1-api)"}}
[info] i  functions: Beginning execution of "us-central1-api" {"metadata":{"emulator":{"name":"functions"},"function":{"name":"us-central1-api"},"extension":{},"message":"Beginning execution of \"us-central1-api\""}}
[debug] [2024-02-21T03:07:26.553Z] [worker-us-central1-api-9a5e437d-5902-4c1b-9ad5-16fd4cdc423c]: BUSY {"metadata":{"emulator":{"name":"functions"},"function":{"name":"us-central1-api"},"extension":{},"message":"[worker-us-central1-api-9a5e437d-5902-4c1b-9ad5-16fd4cdc423c]: BUSY"}}
[debug] [2024-02-21T03:07:26.603Z] Finishing up request with event=pause {"metadata":{"emulator":{"name":"functions"},"function":{"name":"us-central1-api"},"extension":{},"message":"Finishing up request with event=pause"}}
[info] i  functions: Finished "us-central1-api" in 50.3535ms {"metadata":{"emulator":{"name":"functions"},"function":{"name":"us-central1-api"},"extension":{},"message":"Finished \"us-central1-api\" in 50.3535ms"}}
[debug] [2024-02-21T03:07:26.604Z] [worker-us-central1-api-9a5e437d-5902-4c1b-9ad5-16fd4cdc423c]: IDLE {"metadata":{"emulator":{"name":"functions"},"function":{"name":"us-central1-api"},"extension":{},"message":"[worker-us-central1-api-9a5e437d-5902-4c1b-9ad5-16fd4cdc423c]: IDLE"}}
[debug] [2024-02-21T03:07:26.604Z] Finishing up request with event=finish {"metadata":{"emulator":{"name":"functions"},"function":{"name":"us-central1-api"},"extension":{},"message":"Finishing up request with event=finish"}}
[debug] [2024-02-21T03:07:26.605Z] Finishing up request with event=close {"metadata":{"emulator":{"name":"functions"},"function":{"name":"us-central1-api"},"extension":{},"message":"Finishing up request with event=close"}}
[debug] [2024-02-21T03:07:26.605Z] [work-queue] {"queuedWork":[],"queueLength":0,"runningWork":[],"workRunningCount":0}
[debug] [2024-02-21T03:07:26.606Z] [work-queue] {"queuedWork":["/clone-28f6e/us-central1/api/payment/create-2024-02-21T03:07:26.606Z"],"queueLength":1,"runningWork":[],"workRunningCount":0}
[debug] [2024-02-21T03:07:26.606Z] [work-queue] {"queuedWork":[],"queueLength":0,"runningWork":["/clone-28f6e/us-central1/api/payment/create-2024-02-21T03:07:26.606Z"],"workRunningCount":1}
[debug] [2024-02-21T03:07:26.606Z] Accepted request POST /clone-28f6e/us-central1/api/payment/create?total=2198 --> us-central1-api
[debug] [2024-02-21T03:07:26.607Z] [functions] Runtime ready! Sending request! {"metadata":{"emulator":{"name":"functions"},"message":"[functions] Runtime ready! Sending request!"}}
[debug] [2024-02-21T03:07:26.607Z] [functions] Got req.url=/clone-28f6e/us-central1/api/payment/create?total=2198, mapping to path=/payment/create?total=2198 {"metadata":{"emulator":{"name":"functions"},"message":"[functions] Got req.url=/clone-28f6e/us-central1/api/payment/create?total=2198, mapping to path=/payment/create?total=2198"}}
[debug] [2024-02-21T03:07:26.608Z] [worker-pool] submitRequest(triggerId=us-central1-api) {"metadata":{"emulator":{"name":"functions"},"message":"[worker-pool] submitRequest(triggerId=us-central1-api)"}}
[info] i  functions: Beginning execution of "us-central1-api" {"metadata":{"emulator":{"name":"functions"},"function":{"name":"us-central1-api"},"extension":{},"message":"Beginning execution of \"us-central1-api\""}}
[debug] [2024-02-21T03:07:26.608Z] [worker-us-central1-api-9a5e437d-5902-4c1b-9ad5-16fd4cdc423c]: BUSY {"metadata":{"emulator":{"name":"functions"},"function":{"name":"us-central1-api"},"extension":{},"message":"[worker-us-central1-api-9a5e437d-5902-4c1b-9ad5-16fd4cdc423c]: BUSY"}}
[debug] [2024-02-21T03:07:26.979Z] Finishing up request with event=pause {"metadata":{"emulator":{"name":"functions"},"function":{"name":"us-central1-api"},"extension":{},"message":"Finishing up request with event=pause"}}
[info] i  functions: Finished "us-central1-api" in 371.3929ms {"metadata":{"emulator":{"name":"functions"},"function":{"name":"us-central1-api"},"extension":{},"message":"Finished \"us-central1-api\" in 371.3929ms"}}
[debug] [2024-02-21T03:07:26.981Z] [worker-us-central1-api-9a5e437d-5902-4c1b-9ad5-16fd4cdc423c]: IDLE {"metadata":{"emulator":{"name":"functions"},"function":{"name":"us-central1-api"},"extension":{},"message":"[worker-us-central1-api-9a5e437d-5902-4c1b-9ad5-16fd4cdc423c]: IDLE"}}
[debug] [2024-02-21T03:07:26.981Z] Finishing up request with event=finish {"metadata":{"emulator":{"name":"functions"},"function":{"name":"us-central1-api"},"extension":{},"message":"Finishing up request with event=finish"}}
[debug] [2024-02-21T03:07:26.981Z] Finishing up request with event=close {"metadata":{"emulator":{"name":"functions"},"function":{"name":"us-central1-api"},"extension":{},"message":"Finishing up request with event=close"}}
[debug] [2024-02-21T03:07:26.981Z] [work-queue] {"queuedWork":[],"queueLength":0,"runningWork":[],"workRunningCount":0}
[debug] [2024-02-21T03:08:18.411Z] [work-queue] {"queuedWork":["/clone-28f6e/us-central1/api/payment/create-2024-02-21T03:08:18.411Z"],"queueLength":1,"runningWork":[],"workRunningCount":0}
[debug] [2024-02-21T03:08:18.412Z] [work-queue] {"queuedWork":[],"queueLength":0,"runningWork":["/clone-28f6e/us-central1/api/payment/create-2024-02-21T03:08:18.411Z"],"workRunningCount":1}
[debug] [2024-02-21T03:08:18.412Z] Accepted request OPTIONS /clone-28f6e/us-central1/api/payment/create?total=3198 --> us-central1-api
[debug] [2024-02-21T03:08:18.416Z] [functions] Runtime ready! Sending request! {"metadata":{"emulator":{"name":"functions"},"message":"[functions] Runtime ready! Sending request!"}}
[debug] [2024-02-21T03:08:18.416Z] [functions] Got req.url=/clone-28f6e/us-central1/api/payment/create?total=3198, mapping to path=/payment/create?total=3198 {"metadata":{"emulator":{"name":"functions"},"message":"[functions] Got req.url=/clone-28f6e/us-central1/api/payment/create?total=3198, mapping to path=/payment/create?total=3198"}}
[debug] [2024-02-21T03:08:18.416Z] [worker-pool] submitRequest(triggerId=us-central1-api) {"metadata":{"emulator":{"name":"functions"},"message":"[worker-pool] submitRequest(triggerId=us-central1-api)"}}
[info] i  functions: Beginning execution of "us-central1-api" {"metadata":{"emulator":{"name":"functions"},"function":{"name":"us-central1-api"},"extension":{},"message":"Beginning execution of \"us-central1-api\""}}
[debug] [2024-02-21T03:08:18.418Z] [worker-us-central1-api-9a5e437d-5902-4c1b-9ad5-16fd4cdc423c]: BUSY {"metadata":{"emulator":{"name":"functions"},"function":{"name":"us-central1-api"},"extension":{},"message":"[worker-us-central1-api-9a5e437d-5902-4c1b-9ad5-16fd4cdc423c]: BUSY"}}
[debug] [2024-02-21T03:08:18.423Z] Finishing up request with event=pause {"metadata":{"emulator":{"name":"functions"},"function":{"name":"us-central1-api"},"extension":{},"message":"Finishing up request with event=pause"}}
[info] i  functions: Finished "us-central1-api" in 4.6211ms {"metadata":{"emulator":{"name":"functions"},"function":{"name":"us-central1-api"},"extension":{},"message":"Finished \"us-central1-api\" in 4.6211ms"}}
[debug] [2024-02-21T03:08:18.424Z] [worker-us-central1-api-9a5e437d-5902-4c1b-9ad5-16fd4cdc423c]: IDLE {"metadata":{"emulator":{"name":"functions"},"function":{"name":"us-central1-api"},"extension":{},"message":"[worker-us-central1-api-9a5e437d-5902-4c1b-9ad5-16fd4cdc423c]: IDLE"}}
[debug] [2024-02-21T03:08:18.424Z] Finishing up request with event=finish {"metadata":{"emulator":{"name":"functions"},"function":{"name":"us-central1-api"},"extension":{},"message":"Finishing up request with event=finish"}}
[debug] [2024-02-21T03:08:18.424Z] Finishing up request with event=close {"metadata":{"emulator":{"name":"functions"},"function":{"name":"us-central1-api"},"extension":{},"message":"Finishing up request with event=close"}}
[debug] [2024-02-21T03:08:18.424Z] [work-queue] {"queuedWork":[],"queueLength":0,"runningWork":[],"workRunningCount":0}
[debug] [2024-02-21T03:08:18.426Z] [work-queue] {"queuedWork":["/clone-28f6e/us-central1/api/payment/create-2024-02-21T03:08:18.425Z"],"queueLength":1,"runningWork":[],"workRunningCount":0}
[debug] [2024-02-21T03:08:18.426Z] [work-queue] {"queuedWork":[],"queueLength":0,"runningWork":["/clone-28f6e/us-central1/api/payment/create-2024-02-21T03:08:18.425Z"],"workRunningCount":1}
[debug] [2024-02-21T03:08:18.426Z] Accepted request POST /clone-28f6e/us-central1/api/payment/create?total=3198 --> us-central1-api
[debug] [2024-02-21T03:08:18.436Z] [functions] Runtime ready! Sending request! {"metadata":{"emulator":{"name":"functions"},"message":"[functions] Runtime ready! Sending request!"}}
[debug] [2024-02-21T03:08:18.436Z] [functions] Got req.url=/clone-28f6e/us-central1/api/payment/create?total=3198, mapping to path=/payment/create?total=3198 {"metadata":{"emulator":{"name":"functions"},"message":"[functions] Got req.url=/clone-28f6e/us-central1/api/payment/create?total=3198, mapping to path=/payment/create?total=3198"}}
[debug] [2024-02-21T03:08:18.437Z] [worker-pool] submitRequest(triggerId=us-central1-api) {"metadata":{"emulator":{"name":"functions"},"message":"[worker-pool] submitRequest(triggerId=us-central1-api)"}}
[info] i  functions: Beginning execution of "us-central1-api" {"metadata":{"emulator":{"name":"functions"},"function":{"name":"us-central1-api"},"extension":{},"message":"Beginning execution of \"us-central1-api\""}}
[debug] [2024-02-21T03:08:18.437Z] [worker-us-central1-api-9a5e437d-5902-4c1b-9ad5-16fd4cdc423c]: BUSY {"metadata":{"emulator":{"name":"functions"},"function":{"name":"us-central1-api"},"extension":{},"message":"[worker-us-central1-api-9a5e437d-5902-4c1b-9ad5-16fd4cdc423c]: BUSY"}}
[debug] [2024-02-21T03:08:18.668Z] Finishing up request with event=pause {"metadata":{"emulator":{"name":"functions"},"function":{"name":"us-central1-api"},"extension":{},"message":"Finishing up request with event=pause"}}
[info] i  functions: Finished "us-central1-api" in 230.4742ms {"metadata":{"emulator":{"name":"functions"},"function":{"name":"us-central1-api"},"extension":{},"message":"Finished \"us-central1-api\" in 230.4742ms"}}
[debug] [2024-02-21T03:08:18.669Z] [worker-us-central1-api-9a5e437d-5902-4c1b-9ad5-16fd4cdc423c]: IDLE {"metadata":{"emulator":{"name":"functions"},"function":{"name":"us-central1-api"},"extension":{},"message":"[worker-us-central1-api-9a5e437d-5902-4c1b-9ad5-16fd4cdc423c]: IDLE"}}
[debug] [2024-02-21T03:08:18.669Z] Finishing up request with event=finish {"metadata":{"emulator":{"name":"functions"},"function":{"name":"us-central1-api"},"extension":{},"message":"Finishing up request with event=finish"}}
[debug] [2024-02-21T03:08:18.669Z] Finishing up request with event=close {"metadata":{"emulator":{"name":"functions"},"function":{"name":"us-central1-api"},"extension":{},"message":"Finishing up request with event=close"}}
[debug] [2024-02-21T03:08:18.669Z] [work-queue] {"queuedWork":[],"queueLength":0,"runningWork":[],"workRunningCount":0}
